2023-06-04 10:42:28,155 INFO PERFORMANCE:|1|1|-1|-1

2023-06-04 10:47:28,174 INFO PERFORMANCE:|2|2|-1|-1

2023-06-04 10:52:28,196 INFO PERFORMANCE:|2|2|-1|-1

2023-06-04 10:57:28,213 INFO PERFORMANCE:|2|1|-1|-1

2023-06-04 11:02:28,216 INFO PERFORMANCE:|0|0|-1|-1

2023-06-04 11:07:28,217 INFO PERFORMANCE:|0|0|-1|-1

2023-06-04 11:12:28,228 INFO PERFORMANCE:|0|0|-1|-1

2023-06-04 11:17:28,233 INFO PERFORMANCE:|0|0|-1|-1

2023-06-04 11:22:28,235 INFO PERFORMANCE:|0|0|-1|-1

2023-06-04 13:16:03,049 INFO PERFORMANCE:|0|0|-1|-1

2023-06-04 13:21:03,071 INFO PERFORMANCE:|2|2|-1|-1

2023-06-04 13:26:03,121 INFO PERFORMANCE:|2|2|-1|-1

2023-06-04 13:31:03,132 INFO PERFORMANCE:|2|2|-1|-1

2023-06-04 13:41:28,560 INFO PERFORMANCE:|2|2|-1|-1

2023-06-04 13:46:28,570 INFO PERFORMANCE:|2|2|-1|-1

2023-06-04 13:51:28,573 INFO PERFORMANCE:|2|2|-1|-1

2023-06-04 13:56:28,577 INFO PERFORMANCE:|2|2|-1|-1

2023-06-04 14:01:28,594 INFO PERFORMANCE:|2|2|-1|-1

2023-06-04 14:06:28,606 INFO PERFORMANCE:|2|2|-1|-1

2023-06-04 14:11:28,621 INFO PERFORMANCE:|2|1|-1|-1

2023-06-04 14:16:28,622 INFO PERFORMANCE:|0|0|-1|-1

2023-06-04 14:21:28,624 INFO PERFORMANCE:|0|0|-1|-1

2023-06-04 14:26:28,625 INFO PERFORMANCE:|0|0|-1|-1

2023-06-04 14:31:28,630 INFO PERFORMANCE:|0|0|-1|-1

